#
# There is insufficient memory for the Java Runtime Environment to continue.
# Native memory allocation (malloc) failed to allocate 620016 bytes for Chunk::new
# Possible reasons:
#   The system is out of physical RAM or swap space
#   The process is running with CompressedOops enabled, and the Java Heap may be blocking the growth of the native heap
# Possible solutions:
#   Reduce memory load on the system
#   Increase physical memory or swap space
#   Check if swap backing store is full
#   Decrease Java heap size (-Xmx/-Xms)
#   Decrease number of Java threads
#   Decrease Java thread stack sizes (-Xss)
#   Set larger code cache with -XX:ReservedCodeCacheSize=
#   JVM is running with Unscaled Compressed Oops mode in which the Java heap is
#     placed in the first 4GB address space. The Java Heap base address is the
#     maximum limit for the native heap growth. Please use -XX:HeapBaseMinAddress
#     to set the Java Heap base and to place the Java Heap above 4GB virtual address.
# This output file may be truncated or incomplete.
#
#  Out of Memory Error (arena.cpp:184), pid=17436, tid=23756
#
# JRE version: Java(TM) SE Runtime Environment (19.0.2+7) (build 19.0.2+7-44)
# Java VM: Java HotSpot(TM) 64-Bit Server VM (19.0.2+7-44, mixed mode, sharing, tiered, compressed oops, compressed class ptrs, g1 gc, windows-amd64)
# No core dump will be written. Minidumps are not enabled by default on client versions of Windows
#

---------------  S U M M A R Y ------------

Command Line: -javaagent:C:\Program Files\JetBrains\IntelliJ IDEA Community Edition 2022.3.2\lib\idea_rt.jar=64139:C:\Program Files\JetBrains\IntelliJ IDEA Community Edition 2022.3.2\bin -Dfile.encoding=UTF-8 -Dsun.stdout.encoding=UTF-8 -Dsun.stderr.encoding=UTF-8 com.yoka.yokafurniture.YokaFurnitureApplication

Host: Intel(R) Core(TM) i7-6700HQ CPU @ 2.60GHz, 8 cores, 7G,  Windows 10 , 64 bit Build 19041 (10.0.19041.3031)
Time: Fri Jul  7 20:53:30 2023 Central Europe Daylight Time elapsed time: 518.533083 seconds (0d 0h 8m 38s)

---------------  T H R E A D  ---------------

Current thread (0x00000206974bcf40):  JavaThread "C2 CompilerThread1" daemon [_thread_in_native, id=23756, stack(0x000000393a700000,0x000000393a800000)]


Current CompileTask:
C2: 518533 13026       4       org.hibernate.query.sqm.tree.domain.AbstractSqmFrom::copyTo (163 bytes)

Stack: [0x000000393a700000,0x000000393a800000]
Native frames: (J=compiled Java code, j=interpreted, Vv=VM code, C=native code)
V  [jvm.dll+0x6ee21a]
V  [jvm.dll+0x85765e]
V  [jvm.dll+0x85904e]
V  [jvm.dll+0x859703]
V  [jvm.dll+0x28298f]
V  [jvm.dll+0xc9adf]
V  [jvm.dll+0xc9e65]
V  [jvm.dll+0x2f7caf]
V  [jvm.dll+0x5f076b]
V  [jvm.dll+0x255483]
V  [jvm.dll+0x24dd00]
V  [jvm.dll+0x24b673]
V  [jvm.dll+0x1d6ce1]
V  [jvm.dll+0x25b25a]
V  [jvm.dll+0x2596e8]
V  [jvm.dll+0x807588]
V  [jvm.dll+0x80125a]
V  [jvm.dll+0x6ecf0b]
C  [ucrtbase.dll+0x21bb2]
C  [KERNEL32.DLL+0x17614]
C  [ntdll.dll+0x526f1]


---------------  P R O C E S S  ---------------

Threads class SMR info:
_java_thread_list=0x00000206952c35f0, length=34, elements={
0x00000206ff7efc00, 0x00000206ff7f09f0, 0x00000206ff7f2a70, 0x00000206ff7f46f0,
0x00000206ff7fb320, 0x00000206ff7f8040, 0x00000206ff7fbc50, 0x00000206ff7ffac0,
0x00000206ff802440, 0x00000206ff7c3b30, 0x000002069307dd40, 0x000002069307e280,
0x0000020694c9ae00, 0x0000020695605560, 0x0000020693f6e300, 0x0000020693fb0ea0,
0x0000020695682b10, 0x00000206956835b0, 0x000002069540e2f0, 0x0000020695410d70,
0x00000206954132a0, 0x000002069540e840, 0x000002069540ed90, 0x000002069540fd80,
0x00000206954102d0, 0x00000206954112c0, 0x0000020695410820, 0x000002069540d850,
0x000002069540f2e0, 0x000002069540d300, 0x0000020695412800, 0x0000020695411810,
0x00000206974bcf40, 0x00000206974bc9b0
}

Java Threads: ( => current thread )
  0x00000206ff7efc00 JavaThread "Reference Handler" daemon [_thread_blocked, id=23740, stack(0x000000393b100000,0x000000393b200000)]
  0x00000206ff7f09f0 JavaThread "Finalizer" daemon [_thread_blocked, id=20460, stack(0x000000393b200000,0x000000393b300000)]
  0x00000206ff7f2a70 JavaThread "Signal Dispatcher" daemon [_thread_blocked, id=16204, stack(0x000000393b300000,0x000000393b400000)]
  0x00000206ff7f46f0 JavaThread "Attach Listener" daemon [_thread_blocked, id=2512, stack(0x000000393b400000,0x000000393b500000)]
  0x00000206ff7fb320 JavaThread "Service Thread" daemon [_thread_blocked, id=24380, stack(0x000000393b500000,0x000000393b600000)]
  0x00000206ff7f8040 JavaThread "Monitor Deflation Thread" daemon [_thread_blocked, id=3260, stack(0x000000393b600000,0x000000393b700000)]
  0x00000206ff7fbc50 JavaThread "C2 CompilerThread0" daemon [_thread_blocked, id=11940, stack(0x000000393b700000,0x000000393b800000)]
  0x00000206ff7ffac0 JavaThread "C1 CompilerThread0" daemon [_thread_blocked, id=13516, stack(0x000000393b800000,0x000000393b900000)]
  0x00000206ff802440 JavaThread "Sweeper thread" daemon [_thread_blocked, id=15388, stack(0x000000393b900000,0x000000393ba00000)]
  0x00000206ff7c3b30 JavaThread "Common-Cleaner" daemon [_thread_blocked, id=10936, stack(0x000000393ba00000,0x000000393bb00000)]
  0x000002069307dd40 JavaThread "Monitor Ctrl-Break" daemon [_thread_in_native, id=24344, stack(0x000000393bd00000,0x000000393be00000)]
  0x000002069307e280 JavaThread "Notification Thread" daemon [_thread_blocked, id=12484, stack(0x000000393be00000,0x000000393bf00000)]
  0x0000020694c9ae00 JavaThread "Catalina-utility-1" [_thread_blocked, id=9908, stack(0x000000393ca00000,0x000000393cb00000)]
  0x0000020695605560 JavaThread "Catalina-utility-2" [_thread_blocked, id=4336, stack(0x000000393cb00000,0x000000393cc00000)]
  0x0000020693f6e300 JavaThread "container-0" [_thread_blocked, id=6708, stack(0x000000393cc00000,0x000000393cd00000)]
  0x0000020693fb0ea0 JavaThread "mysql-cj-abandoned-connection-cleanup" daemon [_thread_blocked, id=23208, stack(0x000000393cd00000,0x000000393ce00000)]
  0x0000020695682b10 JavaThread "HikariPool-1 housekeeper" daemon [_thread_blocked, id=17072, stack(0x000000393cf00000,0x000000393d000000)]
  0x00000206956835b0 JavaThread "File Watcher" daemon [_thread_blocked, id=14808, stack(0x000000393bc00000,0x000000393bd00000)]
  0x000002069540e2f0 JavaThread "Live Reload Server" daemon [_thread_in_native, id=512, stack(0x000000393d200000,0x000000393d300000)]
  0x0000020695410d70 JavaThread "http-nio-8080-exec-1" daemon [_thread_blocked, id=18100, stack(0x000000393d100000,0x000000393d200000)]
  0x00000206954132a0 JavaThread "http-nio-8080-exec-2" daemon [_thread_blocked, id=12816, stack(0x000000393d300000,0x000000393d400000)]
  0x000002069540e840 JavaThread "http-nio-8080-exec-3" daemon [_thread_blocked, id=9028, stack(0x000000393d400000,0x000000393d500000)]
  0x000002069540ed90 JavaThread "http-nio-8080-exec-4" daemon [_thread_blocked, id=23348, stack(0x000000393d500000,0x000000393d600000)]
  0x000002069540fd80 JavaThread "http-nio-8080-exec-5" daemon [_thread_blocked, id=23488, stack(0x000000393d600000,0x000000393d700000)]
  0x00000206954102d0 JavaThread "http-nio-8080-exec-6" daemon [_thread_blocked, id=24472, stack(0x000000393d700000,0x000000393d800000)]
  0x00000206954112c0 JavaThread "http-nio-8080-exec-7" daemon [_thread_blocked, id=23212, stack(0x000000393d800000,0x000000393d900000)]
  0x0000020695410820 JavaThread "http-nio-8080-exec-8" daemon [_thread_blocked, id=5572, stack(0x000000393d900000,0x000000393da00000)]
  0x000002069540d850 JavaThread "http-nio-8080-exec-9" daemon [_thread_blocked, id=14864, stack(0x000000393da00000,0x000000393db00000)]
  0x000002069540f2e0 JavaThread "http-nio-8080-exec-10" daemon [_thread_blocked, id=5536, stack(0x000000393db00000,0x000000393dc00000)]
  0x000002069540d300 JavaThread "http-nio-8080-Poller" daemon [_thread_in_native, id=10788, stack(0x000000393dc00000,0x000000393dd00000)]
  0x0000020695412800 JavaThread "http-nio-8080-Acceptor" daemon [_thread_in_native, id=23444, stack(0x000000393dd00000,0x000000393de00000)]
  0x0000020695411810 JavaThread "DestroyJavaVM" [_thread_blocked, id=2324, stack(0x000000393aa00000,0x000000393ab00000)]
=>0x00000206974bcf40 JavaThread "C2 CompilerThread1" daemon [_thread_in_native, id=23756, stack(0x000000393a700000,0x000000393a800000)]
  0x00000206974bc9b0 JavaThread "C2 CompilerThread2" daemon [_thread_blocked, id=4936, stack(0x000000393a800000,0x000000393a900000)]

Other Threads:
  0x00000206ff7d2b40 VMThread "VM Thread" [stack: 0x000000393b000000,0x000000393b100000] [id=21464]
  0x00000206ffc520a0 WatcherThread "VM Periodic Task Thread" [stack: 0x000000393bf00000,0x000000393c000000] [id=20064]
  0x00000206ee096fd0 WorkerThread "GC Thread#0" [stack: 0x000000393ab00000,0x000000393ac00000] [id=22900]
  0x0000020693797fa0 WorkerThread "GC Thread#1" [stack: 0x000000393c200000,0x000000393c300000] [id=12280]
  0x0000020693798270 WorkerThread "GC Thread#2" [stack: 0x000000393c300000,0x000000393c400000] [id=15804]
  0x0000020693762890 WorkerThread "GC Thread#3" [stack: 0x000000393c400000,0x000000393c500000] [id=22152]
  0x00000206937af6b0 WorkerThread "GC Thread#4" [stack: 0x000000393c500000,0x000000393c600000] [id=964]
  0x00000206937b1f80 WorkerThread "GC Thread#5" [stack: 0x000000393c600000,0x000000393c700000] [id=13252]
  0x00000206937b19e0 WorkerThread "GC Thread#6" [stack: 0x000000393c800000,0x000000393c900000] [id=14784]
  0x00000206937b27f0 WorkerThread "GC Thread#7" [stack: 0x000000393c900000,0x000000393ca00000] [id=7180]
  0x00000206ee0a9df0 ConcurrentGCThread "G1 Main Marker" [stack: 0x000000393ac00000,0x000000393ad00000] [id=15400]
  0x00000206ee0aa820 WorkerThread "G1 Conc#0" [stack: 0x000000393ad00000,0x000000393ae00000] [id=9128]
  0x00000206937b3600 WorkerThread "G1 Conc#1" [stack: 0x000000393c700000,0x000000393c800000] [id=22424]
  0x00000206ee0fea40 ConcurrentGCThread "G1 Refine#0" [stack: 0x000000393ae00000,0x000000393af00000] [id=5104]
  0x00000206ff68f780 ConcurrentGCThread "G1 Service" [stack: 0x000000393af00000,0x000000393b000000] [id=8080]

Threads with active compile tasks:
C2 CompilerThread1   518606 13026       4       org.hibernate.query.sqm.tree.domain.AbstractSqmFrom::copyTo (163 bytes)

VM state: not at safepoint (normal execution)

VM Mutex/Monitor currently owned by a thread: None

Heap address: 0x0000000081800000, size: 2024 MB, Compressed Oops mode: 32-bit

CDS archive(s) mapped at: [0x0000000800000000-0x0000000800c40000-0x0000000800c40000), size 12845056, SharedBaseAddress: 0x0000000800000000, ArchiveRelocationMode: 0.
Compressed class space mapped at: 0x0000000801000000-0x0000000841000000, reserved size: 1073741824
Narrow klass base: 0x0000000800000000, Narrow klass shift: 0, Narrow klass range: 0x100000000

GC Precious Log:
 CardTable entry size: 512
 Card Set container configuration: InlinePtr #cards 5 size 8 Array Of Cards #cards 12 size 40 Howl #buckets 4 coarsen threshold 1843 Howl Bitmap #cards 512 size 80 coarsen threshold 460 Card regions per heap region 1 cards per card region 2048
 CPUs: 8 total, 8 available
 Memory: 8090M
 Large Page Support: Disabled
 NUMA Support: Disabled
 Compressed Oops: Enabled (32-bit)
 Heap Region Size: 1M
 Heap Min Capacity: 8M
 Heap Initial Capacity: 128M
 Heap Max Capacity: 2024M
 Pre-touch: Disabled
 Parallel Workers: 8
 Concurrent Workers: 2
 Concurrent Refinement Workers: 8
 Periodic GC: Disabled

Heap:
 garbage-first heap   total 96256K, used 44321K [0x0000000081800000, 0x0000000100000000)
  region size 1024K, 15 young (15360K), 1 survivors (1024K)
 Metaspace       used 70462K, committed 71232K, reserved 1114112K
  class space    used 8846K, committed 9216K, reserved 1048576K

Heap Regions: E=young(eden), S=young(survivor), O=old, HS=humongous(starts), HC=humongous(continues), CS=collection set, F=free, OA=open archive, CA=closed archive, TAMS=top-at-mark-start (previous, next)
|   0|0x0000000081800000, 0x0000000081900000, 0x0000000081900000|100%|HS|  |TAMS 0x0000000081900000, 0x0000000081800000| Complete 
|   1|0x0000000081900000, 0x0000000081a00000, 0x0000000081a00000|100%| O|  |TAMS 0x0000000081a00000, 0x0000000081900000| Untracked 
|   2|0x0000000081a00000, 0x0000000081b00000, 0x0000000081b00000|100%| O|  |TAMS 0x0000000081b00000, 0x0000000081a00000| Untracked 
|   3|0x0000000081b00000, 0x0000000081c00000, 0x0000000081c00000|100%| O|  |TAMS 0x0000000081c00000, 0x0000000081b00000| Untracked 
|   4|0x0000000081c00000, 0x0000000081d00000, 0x0000000081d00000|100%| O|  |TAMS 0x0000000081d00000, 0x0000000081c00000| Untracked 
|   5|0x0000000081d00000, 0x0000000081e00000, 0x0000000081e00000|100%| O|  |TAMS 0x0000000081e00000, 0x0000000081d00000| Untracked 
|   6|0x0000000081e00000, 0x0000000081f00000, 0x0000000081f00000|100%| O|  |TAMS 0x0000000081f00000, 0x0000000081e00000| Untracked 
|   7|0x0000000081f00000, 0x0000000082000000, 0x0000000082000000|100%| O|  |TAMS 0x0000000082000000, 0x0000000081f00000| Untracked 
|   8|0x0000000082000000, 0x00000000820f5000, 0x0000000082100000| 95%| O|  |TAMS 0x00000000820ede00, 0x0000000082000000| Untracked 
|   9|0x0000000082100000, 0x0000000082100000, 0x0000000082200000|  0%| F|  |TAMS 0x0000000082100000, 0x0000000082100000| Untracked 
|  10|0x0000000082200000, 0x0000000082300000, 0x0000000082300000|100%| O|  |TAMS 0x0000000082300000, 0x0000000082200000| Untracked 
|  11|0x0000000082300000, 0x0000000082300000, 0x0000000082400000|  0%| F|  |TAMS 0x0000000082300000, 0x0000000082300000| Untracked 
|  12|0x0000000082400000, 0x0000000082500000, 0x0000000082500000|100%| O|  |TAMS 0x0000000082500000, 0x0000000082400000| Untracked 
|  13|0x0000000082500000, 0x0000000082600000, 0x0000000082600000|100%| O|  |TAMS 0x0000000082600000, 0x0000000082500000| Untracked 
|  14|0x0000000082600000, 0x0000000082700000, 0x0000000082700000|100%| O|  |TAMS 0x0000000082700000, 0x0000000082600000| Untracked 
|  15|0x0000000082700000, 0x0000000082800000, 0x0000000082800000|100%| O|  |TAMS 0x0000000082800000, 0x0000000082700000| Untracked 
|  16|0x0000000082800000, 0x0000000082900000, 0x0000000082900000|100%| O|  |TAMS 0x0000000082900000, 0x0000000082800000| Untracked 
|  17|0x0000000082900000, 0x0000000082a00000, 0x0000000082a00000|100%| O|  |TAMS 0x0000000082a00000, 0x0000000082900000| Untracked 
|  18|0x0000000082a00000, 0x0000000082b00000, 0x0000000082b00000|100%| O|  |TAMS 0x0000000082b00000, 0x0000000082a00000| Untracked 
|  19|0x0000000082b00000, 0x0000000082c00000, 0x0000000082c00000|100%| O|  |TAMS 0x0000000082c00000, 0x0000000082b00000| Untracked 
|  20|0x0000000082c00000, 0x0000000082d00000, 0x0000000082d00000|100%| O|  |TAMS 0x0000000082d00000, 0x0000000082c00000| Untracked 
|  21|0x0000000082d00000, 0x0000000082e00000, 0x0000000082e00000|100%| O|  |TAMS 0x0000000082e00000, 0x0000000082d00000| Untracked 
|  22|0x0000000082e00000, 0x0000000082f00000, 0x0000000082f00000|100%| O|  |TAMS 0x0000000082f00000, 0x0000000082e00000| Untracked 
|  23|0x0000000082f00000, 0x0000000083000000, 0x0000000083000000|100%| O|  |TAMS 0x0000000083000000, 0x0000000082f00000| Untracked 
|  24|0x0000000083000000, 0x0000000083100000, 0x0000000083100000|100%| O|  |TAMS 0x0000000083100000, 0x0000000083000000| Untracked 
|  25|0x0000000083100000, 0x0000000083200000, 0x0000000083200000|100%| O|  |TAMS 0x0000000083200000, 0x0000000083100000| Untracked 
|  26|0x0000000083200000, 0x0000000083300000, 0x0000000083300000|100%| O|  |TAMS 0x0000000083300000, 0x0000000083200000| Untracked 
|  27|0x0000000083300000, 0x0000000083400000, 0x0000000083400000|100%| O|  |TAMS 0x0000000083400000, 0x0000000083300000| Untracked 
|  28|0x0000000083400000, 0x0000000083500000, 0x0000000083500000|100%| O|  |TAMS 0x0000000083500000, 0x0000000083400000| Untracked 
|  29|0x0000000083500000, 0x0000000083600000, 0x0000000083600000|100%| O|  |TAMS 0x0000000083600000, 0x0000000083500000| Untracked 
|  30|0x0000000083600000, 0x0000000083700000, 0x0000000083700000|100%| O|  |TAMS 0x0000000083700000, 0x0000000083600000| Untracked 
|  31|0x0000000083700000, 0x0000000083800000, 0x0000000083800000|100%| O|  |TAMS 0x0000000083800000, 0x0000000083700000| Untracked 
|  32|0x0000000083800000, 0x0000000083800000, 0x0000000083900000|  0%| F|  |TAMS 0x0000000083800000, 0x0000000083800000| Untracked 
|  33|0x0000000083900000, 0x0000000083900000, 0x0000000083a00000|  0%| F|  |TAMS 0x0000000083900000, 0x0000000083900000| Untracked 
|  34|0x0000000083a00000, 0x0000000083a00000, 0x0000000083b00000|  0%| F|  |TAMS 0x0000000083a00000, 0x0000000083a00000| Untracked 
|  35|0x0000000083b00000, 0x0000000083b00000, 0x0000000083c00000|  0%| F|  |TAMS 0x0000000083b00000, 0x0000000083b00000| Untracked 
|  36|0x0000000083c00000, 0x0000000083c00000, 0x0000000083d00000|  0%| F|  |TAMS 0x0000000083c00000, 0x0000000083c00000| Untracked 
|  37|0x0000000083d00000, 0x0000000083d00000, 0x0000000083e00000|  0%| F|  |TAMS 0x0000000083d00000, 0x0000000083d00000| Untracked 
|  38|0x0000000083e00000, 0x0000000083e00000, 0x0000000083f00000|  0%| F|  |TAMS 0x0000000083e00000, 0x0000000083e00000| Untracked 
|  39|0x0000000083f00000, 0x0000000083f00000, 0x0000000084000000|  0%| F|  |TAMS 0x0000000083f00000, 0x0000000083f00000| Untracked 
|  40|0x0000000084000000, 0x0000000084053790, 0x0000000084100000| 32%| S|CS|TAMS 0x0000000084000000, 0x0000000084000000| Complete 
|  41|0x0000000084100000, 0x0000000084100000, 0x0000000084200000|  0%| F|  |TAMS 0x0000000084100000, 0x0000000084100000| Untracked 
|  42|0x0000000084200000, 0x0000000084200000, 0x0000000084300000|  0%| F|  |TAMS 0x0000000084200000, 0x0000000084200000| Untracked 
|  43|0x0000000084300000, 0x0000000084300000, 0x0000000084400000|  0%| F|  |TAMS 0x0000000084300000, 0x0000000084300000| Untracked 
|  44|0x0000000084400000, 0x0000000084400000, 0x0000000084500000|  0%| F|  |TAMS 0x0000000084400000, 0x0000000084400000| Untracked 
|  45|0x0000000084500000, 0x0000000084500000, 0x0000000084600000|  0%| F|  |TAMS 0x0000000084500000, 0x0000000084500000| Untracked 
|  46|0x0000000084600000, 0x0000000084600000, 0x0000000084700000|  0%| F|  |TAMS 0x0000000084600000, 0x0000000084600000| Untracked 
|  47|0x0000000084700000, 0x0000000084700000, 0x0000000084800000|  0%| F|  |TAMS 0x0000000084700000, 0x0000000084700000| Untracked 
|  48|0x0000000084800000, 0x0000000084800000, 0x0000000084900000|  0%| F|  |TAMS 0x0000000084800000, 0x0000000084800000| Untracked 
|  49|0x0000000084900000, 0x0000000084900000, 0x0000000084a00000|  0%| F|  |TAMS 0x0000000084900000, 0x0000000084900000| Untracked 
|  50|0x0000000084a00000, 0x0000000084a00000, 0x0000000084b00000|  0%| F|  |TAMS 0x0000000084a00000, 0x0000000084a00000| Untracked 
|  51|0x0000000084b00000, 0x0000000084b00000, 0x0000000084c00000|  0%| F|  |TAMS 0x0000000084b00000, 0x0000000084b00000| Untracked 
|  52|0x0000000084c00000, 0x0000000084c00000, 0x0000000084d00000|  0%| F|  |TAMS 0x0000000084c00000, 0x0000000084c00000| Untracked 
|  53|0x0000000084d00000, 0x0000000084d00000, 0x0000000084e00000|  0%| F|  |TAMS 0x0000000084d00000, 0x0000000084d00000| Untracked 
|  54|0x0000000084e00000, 0x0000000084e00000, 0x0000000084f00000|  0%| F|  |TAMS 0x0000000084e00000, 0x0000000084e00000| Untracked 
|  55|0x0000000084f00000, 0x0000000084f00000, 0x0000000085000000|  0%| F|  |TAMS 0x0000000084f00000, 0x0000000084f00000| Untracked 
|  56|0x0000000085000000, 0x0000000085000000, 0x0000000085100000|  0%| F|  |TAMS 0x0000000085000000, 0x0000000085000000| Untracked 
|  57|0x0000000085100000, 0x0000000085100000, 0x0000000085200000|  0%| F|  |TAMS 0x0000000085100000, 0x0000000085100000| Untracked 
|  58|0x0000000085200000, 0x0000000085200000, 0x0000000085300000|  0%| F|  |TAMS 0x0000000085200000, 0x0000000085200000| Untracked 
|  59|0x0000000085300000, 0x0000000085300000, 0x0000000085400000|  0%| F|  |TAMS 0x0000000085300000, 0x0000000085300000| Untracked 
|  60|0x0000000085400000, 0x0000000085400000, 0x0000000085500000|  0%| F|  |TAMS 0x0000000085400000, 0x0000000085400000| Untracked 
|  61|0x0000000085500000, 0x0000000085500000, 0x0000000085600000|  0%| F|  |TAMS 0x0000000085500000, 0x0000000085500000| Untracked 
|  62|0x0000000085600000, 0x0000000085600000, 0x0000000085700000|  0%| F|  |TAMS 0x0000000085600000, 0x0000000085600000| Untracked 
|  63|0x0000000085700000, 0x0000000085700000, 0x0000000085800000|  0%| F|  |TAMS 0x0000000085700000, 0x0000000085700000| Untracked 
|  64|0x0000000085800000, 0x0000000085800000, 0x0000000085900000|  0%| F|  |TAMS 0x0000000085800000, 0x0000000085800000| Untracked 
|  65|0x0000000085900000, 0x0000000085900000, 0x0000000085a00000|  0%| F|  |TAMS 0x0000000085900000, 0x0000000085900000| Untracked 
|  66|0x0000000085a00000, 0x0000000085a00000, 0x0000000085b00000|  0%| F|  |TAMS 0x0000000085a00000, 0x0000000085a00000| Untracked 
|  67|0x0000000085b00000, 0x0000000085b00000, 0x0000000085c00000|  0%| F|  |TAMS 0x0000000085b00000, 0x0000000085b00000| Untracked 
|  68|0x0000000085c00000, 0x0000000085c00000, 0x0000000085d00000|  0%| F|  |TAMS 0x0000000085c00000, 0x0000000085c00000| Untracked 
|  69|0x0000000085d00000, 0x0000000085d00000, 0x0000000085e00000|  0%| F|  |TAMS 0x0000000085d00000, 0x0000000085d00000| Untracked 
|  70|0x0000000085e00000, 0x0000000085e00000, 0x0000000085f00000|  0%| F|  |TAMS 0x0000000085e00000, 0x0000000085e00000| Untracked 
|  71|0x0000000085f00000, 0x0000000085f00000, 0x0000000086000000|  0%| F|  |TAMS 0x0000000085f00000, 0x0000000085f00000| Untracked 
|  72|0x0000000086000000, 0x0000000086000000, 0x0000000086100000|  0%| F|  |TAMS 0x0000000086000000, 0x0000000086000000| Untracked 
|  73|0x0000000086100000, 0x0000000086100000, 0x0000000086200000|  0%| F|  |TAMS 0x0000000086100000, 0x0000000086100000| Untracked 
|  74|0x0000000086200000, 0x0000000086200000, 0x0000000086300000|  0%| F|  |TAMS 0x0000000086200000, 0x0000000086200000| Untracked 
|  75|0x0000000086300000, 0x0000000086300000, 0x0000000086400000|  0%| F|  |TAMS 0x0000000086300000, 0x0000000086300000| Untracked 
|  76|0x0000000086400000, 0x0000000086400000, 0x0000000086500000|  0%| F|  |TAMS 0x0000000086400000, 0x0000000086400000| Untracked 
|  77|0x0000000086500000, 0x0000000086500000, 0x0000000086600000|  0%| F|  |TAMS 0x0000000086500000, 0x0000000086500000| Untracked 
|  78|0x0000000086600000, 0x0000000086600000, 0x0000000086700000|  0%| F|  |TAMS 0x0000000086600000, 0x0000000086600000| Untracked 
|  79|0x0000000086700000, 0x0000000086700000, 0x0000000086800000|  0%| F|  |TAMS 0x0000000086700000, 0x0000000086700000| Untracked 
|  80|0x0000000086800000, 0x00000000868c8538, 0x0000000086900000| 78%| E|  |TAMS 0x0000000086800000, 0x0000000086800000| Complete 
|  81|0x0000000086900000, 0x0000000086a00000, 0x0000000086a00000|100%| E|CS|TAMS 0x0000000086900000, 0x0000000086900000| Complete 
|  82|0x0000000086a00000, 0x0000000086b00000, 0x0000000086b00000|100%| E|CS|TAMS 0x0000000086a00000, 0x0000000086a00000| Complete 
|  83|0x0000000086b00000, 0x0000000086c00000, 0x0000000086c00000|100%| E|CS|TAMS 0x0000000086b00000, 0x0000000086b00000| Complete 
|  84|0x0000000086c00000, 0x0000000086d00000, 0x0000000086d00000|100%| E|CS|TAMS 0x0000000086c00000, 0x0000000086c00000| Complete 
|  85|0x0000000086d00000, 0x0000000086e00000, 0x0000000086e00000|100%| E|CS|TAMS 0x0000000086d00000, 0x0000000086d00000| Complete 
|  86|0x0000000086e00000, 0x0000000086f00000, 0x0000000086f00000|100%| E|CS|TAMS 0x0000000086e00000, 0x0000000086e00000| Complete 
|  87|0x0000000086f00000, 0x0000000087000000, 0x0000000087000000|100%| E|CS|TAMS 0x0000000086f00000, 0x0000000086f00000| Complete 
|  88|0x0000000087000000, 0x0000000087100000, 0x0000000087100000|100%| E|CS|TAMS 0x0000000087000000, 0x0000000087000000| Complete 
|  89|0x0000000087100000, 0x0000000087200000, 0x0000000087200000|100%| E|CS|TAMS 0x0000000087100000, 0x0000000087100000| Complete 
|  90|0x0000000087200000, 0x0000000087300000, 0x0000000087300000|100%| E|CS|TAMS 0x0000000087200000, 0x0000000087200000| Complete 
|  91|0x0000000087300000, 0x0000000087400000, 0x0000000087400000|100%| E|CS|TAMS 0x0000000087300000, 0x0000000087300000| Complete 
|  92|0x0000000087400000, 0x0000000087500000, 0x0000000087500000|100%| E|CS|TAMS 0x0000000087400000, 0x0000000087400000| Complete 
| 127|0x0000000089700000, 0x0000000089800000, 0x0000000089800000|100%| E|CS|TAMS 0x0000000089700000, 0x0000000089700000| Complete 

Card table byte_map: [0x00000206f8600000,0x00000206f8a00000] _byte_map_base: 0x00000206f81f4000

Marking Bits (Prev, Next): (CMBitMap*) 0x00000206ee099660, (CMBitMap*) 0x00000206ee099620
 Prev Bits: [0x00000206fada0000, 0x00000206fcd40000)
 Next Bits: [0x00000206f8e00000, 0x00000206fada0000)

Polling page: 0x00000206ee100000

Metaspace:

Usage:
  Non-class:     60.17 MB used.
      Class:      8.64 MB used.
       Both:     68.81 MB used.

Virtual space:
  Non-class space:       64.00 MB reserved,      60.56 MB ( 95%) committed,  1 nodes.
      Class space:        1.00 GB reserved,       9.00 MB ( <1%) committed,  1 nodes.
             Both:        1.06 GB reserved,      69.56 MB (  6%) committed. 

Chunk freelists:
   Non-Class:  2.54 MB
       Class:  2.82 MB
        Both:  5.37 MB

MaxMetaspaceSize: unlimited
CompressedClassSpaceSize: 1.00 GB
Initial GC threshold: 21.00 MB
Current GC threshold: 115.75 MB
CDS: on
MetaspaceReclaimPolicy: balanced
 - commit_granule_bytes: 65536.
 - commit_granule_words: 8192.
 - virtual_space_node_default_size: 8388608.
 - enlarge_chunks_in_place: 1.
 - new_chunks_are_fully_committed: 0.
 - uncommit_free_chunks: 1.
 - use_allocation_guard: 0.


Internal statistics:

num_allocs_failed_limit: 12.
num_arena_births: 1228.
num_arena_deaths: 38.
num_vsnodes_births: 2.
num_vsnodes_deaths: 0.
num_space_committed: 1113.
num_space_uncommitted: 0.
num_chunks_returned_to_freelist: 68.
num_chunks_taken_from_freelist: 3998.
num_chunk_merges: 23.
num_chunk_splits: 2771.
num_chunks_enlarged: 2112.
num_inconsistent_stats: 0.

CodeHeap 'non-profiled nmethods': size=120000Kb used=9504Kb max_used=9504Kb free=110495Kb
 bounds [0x0000020687ad0000, 0x0000020688420000, 0x000002068f000000]
CodeHeap 'profiled nmethods': size=120000Kb used=20577Kb max_used=23482Kb free=99422Kb
 bounds [0x0000020680000000, 0x0000020681700000, 0x0000020687530000]
CodeHeap 'non-nmethods': size=5760Kb used=1453Kb max_used=1562Kb free=4306Kb
 bounds [0x0000020687530000, 0x00000206877a0000, 0x0000020687ad0000]
 total_blobs=11412 nmethods=10699 adapters=622
 compilation: enabled
              stopped_count=0, restarted_count=0
 full_count=0

Compilation events (20 events):
Event: 518.286 Thread 0x00000206974bc9b0 13017       4       com.mysql.cj.ServerVersion::<init> (9 bytes)
Event: 518.299 Thread 0x00000206974bc9b0 nmethod 13017 0x0000020688400b10 code [0x0000020688400ca0, 0x0000020688401218]
Event: 518.313 Thread 0x00000206974bc9b0 13018       4       com.mysql.cj.ServerVersion::compareTo (57 bytes)
Event: 518.315 Thread 0x00000206974bcf40 13019       4       com.fasterxml.jackson.databind.util.internal.LinkedDeque::linkLast (37 bytes)
Event: 518.317 Thread 0x00000206974bc9b0 nmethod 13018 0x0000020688401390 code [0x0000020688401520, 0x00000206884016b8]
Event: 518.317 Thread 0x00000206974bc9b0 13020       4       java.lang.StringConcatHelper::prepend (22 bytes)
Event: 518.322 Thread 0x00000206974bcf40 nmethod 13019 0x0000020688401810 code [0x00000206884019a0, 0x0000020688401d78]
Event: 518.333 Thread 0x00000206974bc9b0 nmethod 13020 0x0000020688401f10 code [0x00000206884020c0, 0x00000206884027d8]
Event: 518.342 Thread 0x00000206974bc9b0 13021       4       java.lang.Class::annotationData (44 bytes)
Event: 518.346 Thread 0x00000206974bcf40 13022   !   4       com.mysql.cj.jdbc.ConnectionImpl::setAutoCommit (346 bytes)
Event: 518.346 Thread 0x00000206974bc9b0 nmethod 13021 0x0000020688402c90 code [0x0000020688402e20, 0x0000020688402fa8]
Event: 518.349 Thread 0x00000206974bc9b0 13023       4       org.jboss.logging.Logger::debugf (31 bytes)
Event: 518.361 Thread 0x00000206974bc9b0 nmethod 13023 0x0000020688403090 code [0x0000020688403280, 0x0000020688403668]
Event: 518.368 Thread 0x00000206974bc9b0 13024       4       com.mysql.cj.protocol.a.NativeServerSession::isSetNeededForAutoCommitMode (43 bytes)
Event: 518.370 Thread 0x00000206974bc9b0 nmethod 13024 0x0000020688403b90 code [0x0000020688403d20, 0x0000020688403db8]
Event: 518.372 Thread 0x00000206974bc9b0 13025       4       org.apache.catalina.core.ApplicationFilterChain::release (49 bytes)
Event: 518.373 Thread 0x00000206974bcf40 nmethod 13022 0x0000020688403e90 code [0x00000206884040e0, 0x0000020688404b70]
Event: 518.380 Thread 0x00000206974bc9b0 nmethod 13025 0x0000020688405410 code [0x00000206884055a0, 0x00000206884058b8]
Event: 518.425 Thread 0x00000206ff7fbc50 nmethod 12980 0x0000020688405990 code [0x0000020688406320, 0x0000020688410ff0]
Event: 518.429 Thread 0x00000206974bcf40 13026       4       org.hibernate.query.sqm.tree.domain.AbstractSqmFrom::copyTo (163 bytes)

GC Heap History (20 events):
Event: 500.715 GC heap before
{Heap before GC invocations=31 (full 0):
 garbage-first heap   total 67584K, used 33440K [0x0000000081800000, 0x0000000100000000)
  region size 1024K, 3 young (3072K), 1 survivors (1024K)
 Metaspace       used 70316K, committed 71040K, reserved 1114112K
  class space    used 8844K, committed 9216K, reserved 1048576K
}
Event: 500.721 GC heap after
{Heap after GC invocations=32 (full 0):
 garbage-first heap   total 67584K, used 31223K [0x0000000081800000, 0x0000000100000000)
  region size 1024K, 1 young (1024K), 1 survivors (1024K)
 Metaspace       used 70316K, committed 71040K, reserved 1114112K
  class space    used 8844K, committed 9216K, reserved 1048576K
}
Event: 502.052 GC heap before
{Heap before GC invocations=32 (full 0):
 garbage-first heap   total 67584K, used 56823K [0x0000000081800000, 0x0000000100000000)
  region size 1024K, 26 young (26624K), 1 survivors (1024K)
 Metaspace       used 70365K, committed 71104K, reserved 1114112K
  class space    used 8844K, committed 9216K, reserved 1048576K
}
Event: 502.057 GC heap after
{Heap after GC invocations=33 (full 0):
 garbage-first heap   total 67584K, used 31227K [0x0000000081800000, 0x0000000100000000)
  region size 1024K, 1 young (1024K), 1 survivors (1024K)
 Metaspace       used 70365K, committed 71104K, reserved 1114112K
  class space    used 8844K, committed 9216K, reserved 1048576K
}
Event: 503.549 GC heap before
{Heap before GC invocations=34 (full 0):
 garbage-first heap   total 67584K, used 56827K [0x0000000081800000, 0x0000000100000000)
  region size 1024K, 26 young (26624K), 1 survivors (1024K)
 Metaspace       used 70416K, committed 71168K, reserved 1114112K
  class space    used 8844K, committed 9216K, reserved 1048576K
}
Event: 503.554 GC heap after
{Heap after GC invocations=35 (full 0):
 garbage-first heap   total 67584K, used 31266K [0x0000000081800000, 0x0000000100000000)
  region size 1024K, 1 young (1024K), 1 survivors (1024K)
 Metaspace       used 70416K, committed 71168K, reserved 1114112K
  class space    used 8844K, committed 9216K, reserved 1048576K
}
Event: 503.668 GC heap before
{Heap before GC invocations=35 (full 0):
 garbage-first heap   total 67584K, used 33314K [0x0000000081800000, 0x0000000100000000)
  region size 1024K, 3 young (3072K), 1 survivors (1024K)
 Metaspace       used 70416K, committed 71168K, reserved 1114112K
  class space    used 8844K, committed 9216K, reserved 1048576K
}
Event: 503.674 GC heap after
{Heap after GC invocations=36 (full 0):
 garbage-first heap   total 67584K, used 31007K [0x0000000081800000, 0x0000000100000000)
  region size 1024K, 1 young (1024K), 1 survivors (1024K)
 Metaspace       used 70416K, committed 71168K, reserved 1114112K
  class space    used 8844K, committed 9216K, reserved 1048576K
}
Event: 505.156 GC heap before
{Heap before GC invocations=36 (full 0):
 garbage-first heap   total 67584K, used 57631K [0x0000000081800000, 0x0000000100000000)
  region size 1024K, 27 young (27648K), 1 survivors (1024K)
 Metaspace       used 70425K, committed 71168K, reserved 1114112K
  class space    used 8844K, committed 9216K, reserved 1048576K
}
Event: 505.163 GC heap after
{Heap after GC invocations=37 (full 0):
 garbage-first heap   total 96256K, used 31038K [0x0000000081800000, 0x0000000100000000)
  region size 1024K, 1 young (1024K), 1 survivors (1024K)
 Metaspace       used 70425K, committed 71168K, reserved 1114112K
  class space    used 8844K, committed 9216K, reserved 1048576K
}
Event: 508.634 GC heap before
{Heap before GC invocations=38 (full 0):
 garbage-first heap   total 96256K, used 83262K [0x0000000081800000, 0x0000000100000000)
  region size 1024K, 52 young (53248K), 1 survivors (1024K)
 Metaspace       used 70449K, committed 71232K, reserved 1114112K
  class space    used 8844K, committed 9216K, reserved 1048576K
}
Event: 508.639 GC heap after
{Heap after GC invocations=39 (full 0):
 garbage-first heap   total 96256K, used 31096K [0x0000000081800000, 0x0000000100000000)
  region size 1024K, 1 young (1024K), 1 survivors (1024K)
 Metaspace       used 70449K, committed 71232K, reserved 1114112K
  class space    used 8844K, committed 9216K, reserved 1048576K
}
Event: 508.810 GC heap before
{Heap before GC invocations=39 (full 0):
 garbage-first heap   total 96256K, used 34168K [0x0000000081800000, 0x0000000100000000)
  region size 1024K, 4 young (4096K), 1 survivors (1024K)
 Metaspace       used 70449K, committed 71232K, reserved 1114112K
  class space    used 8844K, committed 9216K, reserved 1048576K
}
Event: 508.816 GC heap after
{Heap after GC invocations=40 (full 0):
 garbage-first heap   total 96256K, used 30927K [0x0000000081800000, 0x0000000100000000)
  region size 1024K, 1 young (1024K), 1 survivors (1024K)
 Metaspace       used 70449K, committed 71232K, reserved 1114112K
  class space    used 8844K, committed 9216K, reserved 1048576K
}
Event: 511.077 GC heap before
{Heap before GC invocations=40 (full 0):
 garbage-first heap   total 96256K, used 83151K [0x0000000081800000, 0x0000000100000000)
  region size 1024K, 52 young (53248K), 1 survivors (1024K)
 Metaspace       used 70450K, committed 71232K, reserved 1114112K
  class space    used 8844K, committed 9216K, reserved 1048576K
}
Event: 511.082 GC heap after
{Heap after GC invocations=41 (full 0):
 garbage-first heap   total 96256K, used 30996K [0x0000000081800000, 0x0000000100000000)
  region size 1024K, 1 young (1024K), 1 survivors (1024K)
 Metaspace       used 70450K, committed 71232K, reserved 1114112K
  class space    used 8844K, committed 9216K, reserved 1048576K
}
Event: 514.962 GC heap before
{Heap before GC invocations=41 (full 0):
 garbage-first heap   total 96256K, used 83220K [0x0000000081800000, 0x0000000100000000)
  region size 1024K, 52 young (53248K), 1 survivors (1024K)
 Metaspace       used 70451K, committed 71232K, reserved 1114112K
  class space    used 8844K, committed 9216K, reserved 1048576K
}
Event: 514.968 GC heap after
{Heap after GC invocations=42 (full 0):
 garbage-first heap   total 96256K, used 30990K [0x0000000081800000, 0x0000000100000000)
  region size 1024K, 1 young (1024K), 1 survivors (1024K)
 Metaspace       used 70451K, committed 71232K, reserved 1114112K
  class space    used 8844K, committed 9216K, reserved 1048576K
}
Event: 517.827 GC heap before
{Heap before GC invocations=42 (full 0):
 garbage-first heap   total 96256K, used 84238K [0x0000000081800000, 0x0000000100000000)
  region size 1024K, 53 young (54272K), 1 survivors (1024K)
 Metaspace       used 70462K, committed 71232K, reserved 1114112K
  class space    used 8846K, committed 9216K, reserved 1048576K
}
Event: 517.831 GC heap after
{Heap after GC invocations=43 (full 0):
 garbage-first heap   total 96256K, used 31009K [0x0000000081800000, 0x0000000100000000)
  region size 1024K, 1 young (1024K), 1 survivors (1024K)
 Metaspace       used 70462K, committed 71232K, reserved 1114112K
  class space    used 8846K, committed 9216K, reserved 1048576K
}

Dll operation events (14 events):
Event: 0.015 Loaded shared library C:\Program Files\Java\jdk-19\bin\java.dll
Event: 0.031 Loaded shared library C:\Program Files\Java\jdk-19\bin\jsvml.dll
Event: 0.122 Loaded shared library C:\Program Files\Java\jdk-19\bin\zip.dll
Event: 0.125 Loaded shared library C:\Program Files\Java\jdk-19\bin\instrument.dll
Event: 0.132 Loaded shared library C:\Program Files\Java\jdk-19\bin\net.dll
Event: 0.135 Loaded shared library C:\Program Files\Java\jdk-19\bin\nio.dll
Event: 0.138 Loaded shared library C:\Program Files\Java\jdk-19\bin\zip.dll
Event: 0.229 Loaded shared library C:\Program Files\JetBrains\IntelliJ IDEA Community Edition 2022.3.2\bin\breakgen64.dll
Event: 0.241 Loaded shared library C:\Program Files\Java\jdk-19\bin\extnet.dll
Event: 0.283 Loaded shared library C:\Program Files\Java\jdk-19\bin\jimage.dll
Event: 0.618 Loaded shared library C:\Program Files\Java\jdk-19\bin\management.dll
Event: 0.622 Loaded shared library C:\Program Files\Java\jdk-19\bin\management_ext.dll
Event: 1.252 Loaded shared library C:\Program Files\Java\jdk-19\bin\verify.dll
Event: 3.777 Loaded shared library C:\Program Files\Java\jdk-19\bin\sunmscapi.dll

Deoptimization events (20 events):
Event: 506.371 Thread 0x00000206954132a0 DEOPT PACKING pc=0x0000020680e7bd50 sp=0x000000393d3fe810
Event: 506.371 Thread 0x00000206954132a0 DEOPT UNPACKING pc=0x0000020687597543 sp=0x000000393d3fdc90 mode 0
Event: 508.242 Thread 0x0000020695410820 DEOPT PACKING pc=0x0000020680f39158 sp=0x000000393d9fe800
Event: 508.242 Thread 0x0000020695410820 DEOPT UNPACKING pc=0x0000020687597543 sp=0x000000393d9fdc78 mode 0
Event: 514.494 Thread 0x0000020694c9ae00 Uncommon trap: trap_request=0xffffffbe fr.pc=0x000002068803c168 relative=0x00000000000017c8
Event: 514.494 Thread 0x0000020694c9ae00 Uncommon trap: reason=profile_predicate action=maybe_recompile pc=0x000002068803c168 method=java.util.TreeMap.put(Ljava/lang/Object;Ljava/lang/Object;Z)Ljava/lang/Object; @ 27 c2
Event: 514.494 Thread 0x0000020694c9ae00 DEOPT PACKING pc=0x000002068803c168 sp=0x000000393cafee80
Event: 514.494 Thread 0x0000020694c9ae00 DEOPT UNPACKING pc=0x0000020687596da3 sp=0x000000393cafee40 mode 2
Event: 516.007 Thread 0x00000206954112c0 Uncommon trap: trap_request=0xffffff54 fr.pc=0x00000206883a47c8 relative=0x00000000000003e8
Event: 516.007 Thread 0x00000206954112c0 Uncommon trap: reason=speculate_null_assert action=make_not_entrant pc=0x00000206883a47c8 method=org.hibernate.internal.util.NullnessHelper.lambda$coalesceSuppliedValues$0(Ljava/lang/Object;)Ljava/lang/Boolean; @ 18 c2
Event: 516.007 Thread 0x00000206954112c0 DEOPT PACKING pc=0x00000206883a47c8 sp=0x000000393d8fb2e0
Event: 516.007 Thread 0x00000206954112c0 DEOPT UNPACKING pc=0x0000020687596da3 sp=0x000000393d8fb0c8 mode 2
Event: 516.045 Thread 0x0000020695410d70 Uncommon trap: trap_request=0xffffff54 fr.pc=0x00000206883a56f4 relative=0x0000000000000634
Event: 516.045 Thread 0x0000020695410d70 Uncommon trap: reason=speculate_null_assert action=make_not_entrant pc=0x00000206883a56f4 method=org.hibernate.internal.util.NullnessHelper.lambda$coalesceSuppliedValues$0(Ljava/lang/Object;)Ljava/lang/Boolean; @ 18 c2
Event: 516.045 Thread 0x0000020695410d70 DEOPT PACKING pc=0x00000206883a56f4 sp=0x000000393d1fb810
Event: 516.045 Thread 0x0000020695410d70 DEOPT UNPACKING pc=0x0000020687596da3 sp=0x000000393d1fb508 mode 2
Event: 516.123 Thread 0x000002069540fd80 Uncommon trap: trap_request=0xffffff54 fr.pc=0x00000206883abff8 relative=0x0000000000000138
Event: 516.123 Thread 0x000002069540fd80 Uncommon trap: reason=speculate_null_assert action=make_not_entrant pc=0x00000206883abff8 method=org.hibernate.internal.util.NullnessHelper.lambda$coalesceSuppliedValues$0(Ljava/lang/Object;)Ljava/lang/Boolean; @ 18 c2
Event: 516.123 Thread 0x000002069540fd80 DEOPT PACKING pc=0x00000206883abff8 sp=0x000000393d6fa4b0
Event: 516.123 Thread 0x000002069540fd80 DEOPT UNPACKING pc=0x0000020687596da3 sp=0x000000393d6fa308 mode 2

Classes loaded (20 events):
Event: 19.615 Loading class jdk/internal/ValueBased
Event: 19.615 Loading class jdk/internal/ValueBased done
Event: 19.637 Loading class org/w3c/dom/Node
Event: 19.637 Loading class org/w3c/dom/Node done
Event: 19.637 Loading class org/w3c/dom/Document
Event: 19.638 Loading class org/w3c/dom/Document done
Event: 23.347 Loading class java/io/PrintWriter$1
Event: 23.347 Loading class java/io/PrintWriter$1 done
Event: 23.347 Loading class java/lang/Throwable$WrappedPrintWriter
Event: 23.347 Loading class java/lang/Throwable$PrintStreamOrWriter
Event: 23.347 Loading class java/lang/Throwable$PrintStreamOrWriter done
Event: 23.347 Loading class java/lang/Throwable$WrappedPrintWriter done
Event: 23.488 Loading class java/lang/foreign/MemorySegment
Event: 23.488 Loading class java/lang/foreign/Addressable
Event: 23.488 Loading class java/lang/foreign/Addressable done
Event: 23.488 Loading class java/lang/foreign/MemorySegment done
Event: 495.312 Loading class java/util/concurrent/ConcurrentLinkedQueue$Itr
Event: 495.315 Loading class java/util/concurrent/ConcurrentLinkedQueue$Itr done
Event: 515.074 Loading class sun/util/locale/LocaleExtensions
Event: 515.075 Loading class sun/util/locale/LocaleExtensions done

Classes unloaded (19 events):
Event: 100.358 Thread 0x00000206ff7d2b40 Unloading class 0x00000008018aa000 'java/lang/invoke/LambdaForm$DMH+0x00000008018aa000'
Event: 100.358 Thread 0x00000206ff7d2b40 Unloading class 0x00000008018a9800 'java/lang/invoke/LambdaForm$MH+0x00000008018a9800'
Event: 100.358 Thread 0x00000206ff7d2b40 Unloading class 0x00000008018a9000 'java/lang/invoke/LambdaForm$MH+0x00000008018a9000'
Event: 100.358 Thread 0x00000206ff7d2b40 Unloading class 0x00000008018a8c00 'java/lang/invoke/LambdaForm$DMH+0x00000008018a8c00'
Event: 100.358 Thread 0x00000206ff7d2b40 Unloading class 0x00000008018a8000 'java/lang/invoke/LambdaForm$DMH+0x00000008018a8000'
Event: 100.358 Thread 0x00000206ff7d2b40 Unloading class 0x0000000801895000 'java/lang/invoke/LambdaForm$MH+0x0000000801895000'
Event: 100.358 Thread 0x00000206ff7d2b40 Unloading class 0x0000000801894c00 'java/lang/invoke/LambdaForm$DMH+0x0000000801894c00'
Event: 495.397 Thread 0x00000206ff7d2b40 Unloading class 0x00000008018da800 'java/lang/invoke/LambdaForm$MH+0x00000008018da800'
Event: 495.397 Thread 0x00000206ff7d2b40 Unloading class 0x00000008018dac00 'java/lang/invoke/LambdaForm$MH+0x00000008018dac00'
Event: 495.397 Thread 0x00000206ff7d2b40 Unloading class 0x00000008018d9c00 'java/lang/invoke/LambdaForm$MH+0x00000008018d9c00'
Event: 495.397 Thread 0x00000206ff7d2b40 Unloading class 0x00000008018d9800 'java/lang/invoke/LambdaForm$MH+0x00000008018d9800'
Event: 495.397 Thread 0x00000206ff7d2b40 Unloading class 0x00000008018d9000 'java/lang/invoke/LambdaForm$BMH+0x00000008018d9000'
Event: 495.397 Thread 0x00000206ff7d2b40 Unloading class 0x00000008018d8c00 'java/lang/invoke/LambdaForm$BMH+0x00000008018d8c00'
Event: 495.397 Thread 0x00000206ff7d2b40 Unloading class 0x00000008018d8800 'java/lang/invoke/LambdaForm$DMH+0x00000008018d8800'
Event: 495.397 Thread 0x00000206ff7d2b40 Unloading class 0x00000008018d8400 'java/lang/invoke/LambdaForm$DMH+0x00000008018d8400'
Event: 495.397 Thread 0x00000206ff7d2b40 Unloading class 0x00000008018d5800 'java/lang/invoke/LambdaForm$MH+0x00000008018d5800'
Event: 495.397 Thread 0x00000206ff7d2b40 Unloading class 0x00000008018d5400 'java/lang/invoke/LambdaForm$MH+0x00000008018d5400'
Event: 495.397 Thread 0x00000206ff7d2b40 Unloading class 0x00000008018d4c00 'java/lang/invoke/LambdaForm$BMH+0x00000008018d4c00'
Event: 495.397 Thread 0x00000206ff7d2b40 Unloading class 0x00000008018d4800 'java/lang/invoke/LambdaForm$BMH+0x00000008018d4800'

Classes redefined (0 events):
No events

Internal exceptions (20 events):
Event: 19.403 Thread 0x00000206954132a0 Exception <a 'java/lang/NoSuchMethodError'{0x00000000846f9ff8}: 'java.lang.Object java.lang.invoke.DirectMethodHandle$Holder.invokeInterface(java.lang.Object, java.lang.Object, java.lang.Object, java.lang.Object)'> (0x00000000846f9ff8) 
thrown [s\open\src\hotspot\share\interpreter\linkResolver.cpp, line 774]
Event: 19.403 Thread 0x0000020695410d70 Exception <a 'java/lang/NoSuchMethodError'{0x00000000846bc628}: 'java.lang.Object java.lang.invoke.DirectMethodHandle$Holder.invokeInterface(java.lang.Object, java.lang.Object, java.lang.Object, java.lang.Object)'> (0x00000000846bc628) 
thrown [s\open\src\hotspot\share\interpreter\linkResolver.cpp, line 774]
Event: 19.406 Thread 0x00000206954132a0 Exception <a 'java/lang/NoSuchMethodError'{0x000000008450df90}: 'java.lang.Object java.lang.invoke.DirectMethodHandle$Holder.invokeInterface(java.lang.Object, java.lang.Object, java.lang.Object, java.lang.Object, java.lang.Object)'> (0x000000008450df90) 
thrown [s\open\src\hotspot\share\interpreter\linkResolver.cpp, line 774]
Event: 19.406 Thread 0x0000020695410d70 Exception <a 'java/lang/NoSuchMethodError'{0x000000008452cd28}: 'java.lang.Object java.lang.invoke.DirectMethodHandle$Holder.invokeInterface(java.lang.Object, java.lang.Object, java.lang.Object, java.lang.Object, java.lang.Object)'> (0x000000008452cd28) 
thrown [s\open\src\hotspot\share\interpreter\linkResolver.cpp, line 774]
Event: 19.459 Thread 0x00000206954132a0 Exception <a 'java/lang/IncompatibleClassChangeError'{0x0000000084367c88}: Found class java.lang.Object, but interface was expected> (0x0000000084367c88) 
thrown [s\open\src\hotspot\share\interpreter\linkResolver.cpp, line 841]
Event: 19.459 Thread 0x0000020695410d70 Exception <a 'java/lang/IncompatibleClassChangeError'{0x000000008431f608}: Found class java.lang.Object, but interface was expected> (0x000000008431f608) 
thrown [s\open\src\hotspot\share\interpreter\linkResolver.cpp, line 841]
Event: 19.535 Thread 0x0000020695410d70 Exception <a 'java/lang/NoSuchMethodError'{0x0000000089711d48}: 'double java.lang.invoke.DelegatingMethodHandle$Holder.reinvoke_L(java.lang.Object, java.lang.Object)'> (0x0000000089711d48) 
thrown [s\open\src\hotspot\share\interpreter\linkResolver.cpp, line 774]
Event: 19.535 Thread 0x00000206954132a0 Exception <a 'java/lang/NoSuchMethodError'{0x0000000089707bc0}: 'double java.lang.invoke.DelegatingMethodHandle$Holder.reinvoke_L(java.lang.Object, java.lang.Object)'> (0x0000000089707bc0) 
thrown [s\open\src\hotspot\share\interpreter\linkResolver.cpp, line 774]
Event: 19.535 Thread 0x000002069540e840 Exception <a 'java/lang/NoSuchMethodError'{0x0000000089714788}: 'double java.lang.invoke.DelegatingMethodHandle$Holder.reinvoke_L(java.lang.Object, java.lang.Object)'> (0x0000000089714788) 
thrown [s\open\src\hotspot\share\interpreter\linkResolver.cpp, line 774]
Event: 19.537 Thread 0x000002069540e840 Exception <a 'java/lang/NoSuchMethodError'{0x00000000897370c0}: 'void java.lang.invoke.DelegatingMethodHandle$Holder.reinvoke_L(java.lang.Object, java.lang.Object, double)'> (0x00000000897370c0) 
thrown [s\open\src\hotspot\share\interpreter\linkResolver.cpp, line 774]
Event: 19.537 Thread 0x00000206954132a0 Exception <a 'java/lang/NoSuchMethodError'{0x0000000089733530}: 'void java.lang.invoke.DelegatingMethodHandle$Holder.reinvoke_L(java.lang.Object, java.lang.Object, double)'> (0x0000000089733530) 
thrown [s\open\src\hotspot\share\interpreter\linkResolver.cpp, line 774]
Event: 19.537 Thread 0x0000020695410d70 Exception <a 'java/lang/NoSuchMethodError'{0x000000008972fd58}: 'void java.lang.invoke.DelegatingMethodHandle$Holder.reinvoke_L(java.lang.Object, java.lang.Object, double)'> (0x000000008972fd58) 
thrown [s\open\src\hotspot\share\interpreter\linkResolver.cpp, line 774]
Event: 19.596 Thread 0x000002069540e840 Exception <a 'java/lang/NoSuchMethodError'{0x00000000862ce738}: 'double java.lang.invoke.DirectMethodHandle$Holder.invokeVirtual(java.lang.Object, java.lang.Object)'> (0x00000000862ce738) 
thrown [s\open\src\hotspot\share\interpreter\linkResolver.cpp, line 774]
Event: 19.599 Thread 0x000002069540e840 Exception <a 'java/lang/NoSuchMethodError'{0x00000000862ea658}: 'void java.lang.invoke.DirectMethodHandle$Holder.invokeVirtual(java.lang.Object, java.lang.Object, double)'> (0x00000000862ea658) 
thrown [s\open\src\hotspot\share\interpreter\linkResolver.cpp, line 774]
Event: 495.589 Thread 0x000002069540ed90 Implicit null exception at 0x0000020687f9a58d to 0x0000020687f9a7d0
Event: 495.589 Thread 0x000002069540d850 Implicit null exception at 0x0000020687f9a58d to 0x0000020687f9a7d0
Event: 495.589 Thread 0x00000206954112c0 Implicit null exception at 0x0000020687f9a58d to 0x0000020687f9a7d0
Event: 495.668 Thread 0x000002069540f2e0 Implicit null exception at 0x0000020687fa2bca to 0x0000020687fa2e60
Event: 501.160 Thread 0x000002069540fd80 Implicit null exception at 0x00000206880961e0 to 0x000002068809a104
Event: 504.174 Thread 0x0000020695410820 Implicit null exception at 0x000002068802b74d to 0x000002068802baf0

VM Operations (20 events):
Event: 511.821 Executing VM operation: HandshakeAllThreads
Event: 511.822 Executing VM operation: HandshakeAllThreads done
Event: 512.219 Executing VM operation: HandshakeAllThreads
Event: 512.219 Executing VM operation: HandshakeAllThreads done
Event: 512.219 Executing VM operation: Cleanup
Event: 512.220 Executing VM operation: Cleanup done
Event: 513.226 Executing VM operation: Cleanup
Event: 513.226 Executing VM operation: Cleanup done
Event: 514.229 Executing VM operation: Cleanup
Event: 514.230 Executing VM operation: Cleanup done
Event: 514.962 Executing VM operation: G1CollectForAllocation
Event: 514.968 Executing VM operation: G1CollectForAllocation done
Event: 516.975 Executing VM operation: Cleanup
Event: 516.976 Executing VM operation: Cleanup done
Event: 517.827 Executing VM operation: G1CollectForAllocation
Event: 517.834 Executing VM operation: G1CollectForAllocation done
Event: 517.892 Executing VM operation: G1PauseRemark
Event: 517.901 Executing VM operation: G1PauseRemark done
Event: 517.901 Executing VM operation: G1PauseCleanup
Event: 517.901 Executing VM operation: G1PauseCleanup done

Events (20 events):
Event: 512.255 Thread 0x00000206ff802440 flushing nmethod 0x0000020681213810
Event: 512.256 Thread 0x00000206ff802440 flushing nmethod 0x00000206812c4f10
Event: 512.256 Thread 0x00000206ff802440 flushing nmethod 0x00000206812c5a90
Event: 512.256 Thread 0x00000206ff802440 flushing nmethod 0x00000206812cd410
Event: 512.256 Thread 0x00000206ff802440 flushing nmethod 0x00000206812cdb10
Event: 512.256 Thread 0x00000206ff802440 flushing nmethod 0x00000206812e8b90
Event: 512.257 Thread 0x00000206ff802440 flushing nmethod 0x0000020681320a10
Event: 512.257 Thread 0x00000206ff802440 flushing nmethod 0x0000020681341910
Event: 512.257 Thread 0x00000206ff802440 flushing nmethod 0x0000020681371590
Event: 512.257 Thread 0x00000206ff802440 flushing nmethod 0x000002068139e690
Event: 512.257 Thread 0x00000206ff802440 flushing nmethod 0x00000206813dae90
Event: 512.258 Thread 0x00000206ff802440 flushing nmethod 0x0000020681421d90
Event: 512.258 Thread 0x00000206ff802440 flushing nmethod 0x0000020681424010
Event: 512.258 Thread 0x00000206ff802440 flushing nmethod 0x00000206814b9490
Event: 512.259 Thread 0x00000206ff802440 flushing nmethod 0x0000020681502e10
Event: 512.259 Thread 0x00000206ff802440 flushing nmethod 0x0000020681503190
Event: 512.259 Thread 0x00000206ff802440 flushing nmethod 0x000002068150d610
Event: 512.259 Thread 0x00000206ff802440 flushing nmethod 0x000002068150e710
Event: 512.259 Thread 0x00000206ff802440 flushing nmethod 0x0000020681590590
Event: 512.260 Thread 0x00000206ff802440 flushing nmethod 0x00000206815d7f10


Dynamic libraries:
0x00007ff669be0000 - 0x00007ff669bf0000 	C:\Program Files\Java\jdk-19\bin\java.exe
0x00007ffab8e90000 - 0x00007ffab9088000 	C:\Windows\SYSTEM32\ntdll.dll
0x00007ffab8b70000 - 0x00007ffab8c2f000 	C:\Windows\System32\KERNEL32.DLL
0x00007ffab67b0000 - 0x00007ffab6aa6000 	C:\Windows\System32\KERNELBASE.dll
0x00007ffab6570000 - 0x00007ffab6670000 	C:\Windows\System32\ucrtbase.dll
0x00007ffa92680000 - 0x00007ffa92698000 	C:\Program Files\Java\jdk-19\bin\jli.dll
0x00007ffa917c0000 - 0x00007ffa917db000 	C:\Program Files\Java\jdk-19\bin\VCRUNTIME140.dll
0x00007ffab8da0000 - 0x00007ffab8e4f000 	C:\Windows\System32\ADVAPI32.dll
0x00007ffab8350000 - 0x00007ffab83ee000 	C:\Windows\System32\msvcrt.dll
0x00007ffab8020000 - 0x00007ffab80bc000 	C:\Windows\System32\sechost.dll
0x00007ffab77a0000 - 0x00007ffab78c6000 	C:\Windows\System32\RPCRT4.dll
0x00007ffab81a0000 - 0x00007ffab833d000 	C:\Windows\System32\USER32.dll
0x00007ffaa4890000 - 0x00007ffaa4b2a000 	C:\Windows\WinSxS\amd64_microsoft.windows.common-controls_6595b64144ccf1df_6.0.19041.1110_none_60b5254171f9507e\COMCTL32.dll
0x00007ffab6c00000 - 0x00007ffab6c22000 	C:\Windows\System32\win32u.dll
0x00007ffab8d60000 - 0x00007ffab8d8c000 	C:\Windows\System32\GDI32.dll
0x00007ffab6ab0000 - 0x00007ffab6bc5000 	C:\Windows\System32\gdi32full.dll
0x00007ffab6c30000 - 0x00007ffab6ccd000 	C:\Windows\System32\msvcp_win.dll
0x00007ffab05e0000 - 0x00007ffab05ea000 	C:\Windows\SYSTEM32\VERSION.dll
0x00007ffab86c0000 - 0x00007ffab86f0000 	C:\Windows\System32\IMM32.DLL
0x00007ffaa39a0000 - 0x00007ffaa39ac000 	C:\Program Files\Java\jdk-19\bin\vcruntime140_1.dll
0x00007ffa5bad0000 - 0x00007ffa5bb5e000 	C:\Program Files\Java\jdk-19\bin\msvcp140.dll
0x00007ffa53b60000 - 0x00007ffa54820000 	C:\Program Files\Java\jdk-19\bin\server\jvm.dll
0x00007ffaab160000 - 0x00007ffaab187000 	C:\Windows\SYSTEM32\WINMM.dll
0x00007ffa9e910000 - 0x00007ffa9e919000 	C:\Windows\SYSTEM32\WSOCK32.dll
0x00007ffab8450000 - 0x00007ffab84bb000 	C:\Windows\System32\WS2_32.dll
0x00007ffab4420000 - 0x00007ffab4432000 	C:\Windows\SYSTEM32\kernel.appcore.dll
0x00007ffaa0190000 - 0x00007ffaa019a000 	C:\Program Files\Java\jdk-19\bin\jimage.dll
0x00007ffaa1f70000 - 0x00007ffaa2154000 	C:\Windows\SYSTEM32\DBGHELP.DLL
0x00007ffaa0850000 - 0x00007ffaa0884000 	C:\Windows\SYSTEM32\dbgcore.DLL
0x00007ffab6670000 - 0x00007ffab66f2000 	C:\Windows\System32\bcryptPrimitives.dll
0x00007ffab1ad0000 - 0x00007ffab1ade000 	C:\Program Files\Java\jdk-19\bin\instrument.dll
0x00007ffa90640000 - 0x00007ffa90666000 	C:\Program Files\Java\jdk-19\bin\java.dll
0x00007ffa5b9f0000 - 0x00007ffa5bac7000 	C:\Program Files\Java\jdk-19\bin\jsvml.dll
0x00007ffab78d0000 - 0x00007ffab8014000 	C:\Windows\System32\SHELL32.dll
0x00007ffab4620000 - 0x00007ffab4db3000 	C:\Windows\SYSTEM32\windows.storage.dll
0x00007ffab6ef0000 - 0x00007ffab7244000 	C:\Windows\System32\combase.dll
0x00007ffab5fc0000 - 0x00007ffab5fee000 	C:\Windows\SYSTEM32\Wldp.dll
0x00007ffab84c0000 - 0x00007ffab856d000 	C:\Windows\System32\SHCORE.dll
0x00007ffab85d0000 - 0x00007ffab8625000 	C:\Windows\System32\shlwapi.dll
0x00007ffab64b0000 - 0x00007ffab64cf000 	C:\Windows\SYSTEM32\profapi.dll
0x00007ffa90540000 - 0x00007ffa90558000 	C:\Program Files\Java\jdk-19\bin\zip.dll
0x00007ffa90580000 - 0x00007ffa90593000 	C:\Program Files\Java\jdk-19\bin\net.dll
0x00007ffaadde0000 - 0x00007ffaadeea000 	C:\Windows\SYSTEM32\WINHTTP.dll
0x00007ffab5d20000 - 0x00007ffab5d8a000 	C:\Windows\system32\mswsock.dll
0x00007ffa90560000 - 0x00007ffa90576000 	C:\Program Files\Java\jdk-19\bin\nio.dll
0x00007ffab1a70000 - 0x00007ffab1a8a000 	C:\Program Files\JetBrains\IntelliJ IDEA Community Edition 2022.3.2\bin\breakgen64.dll
0x00007ffa917b0000 - 0x00007ffa917b8000 	C:\Program Files\Java\jdk-19\bin\extnet.dll
0x00007ffab1ac0000 - 0x00007ffab1aca000 	C:\Program Files\Java\jdk-19\bin\management.dll
0x00007ffab1a60000 - 0x00007ffab1a6b000 	C:\Program Files\Java\jdk-19\bin\management_ext.dll
0x00007ffab8d90000 - 0x00007ffab8d98000 	C:\Windows\System32\PSAPI.DLL
0x00007ffa8f100000 - 0x00007ffa8f110000 	C:\Program Files\Java\jdk-19\bin\verify.dll
0x00007ffab5f10000 - 0x00007ffab5f28000 	C:\Windows\SYSTEM32\CRYPTSP.dll
0x00007ffab55d0000 - 0x00007ffab5604000 	C:\Windows\system32\rsaenh.dll
0x00007ffab6bd0000 - 0x00007ffab6bf7000 	C:\Windows\System32\bcrypt.dll
0x00007ffab6470000 - 0x00007ffab649e000 	C:\Windows\SYSTEM32\USERENV.dll
0x00007ffab5f30000 - 0x00007ffab5f3c000 	C:\Windows\SYSTEM32\CRYPTBASE.dll
0x00007ffab59c0000 - 0x00007ffab59fc000 	C:\Windows\SYSTEM32\IPHLPAPI.DLL
0x00007ffab8c30000 - 0x00007ffab8c38000 	C:\Windows\System32\NSI.dll
0x00007ffaaec10000 - 0x00007ffaaec27000 	C:\Windows\SYSTEM32\dhcpcsvc6.DLL
0x00007ffaaf130000 - 0x00007ffaaf14d000 	C:\Windows\SYSTEM32\dhcpcsvc.DLL
0x00007ffab5a10000 - 0x00007ffab5ada000 	C:\Windows\SYSTEM32\DNSAPI.dll
0x00007ffab1a50000 - 0x00007ffab1a5e000 	C:\Program Files\Java\jdk-19\bin\sunmscapi.dll
0x00007ffab6d40000 - 0x00007ffab6e9e000 	C:\Windows\System32\CRYPT32.dll
0x00007ffab6030000 - 0x00007ffab6058000 	C:\Windows\SYSTEM32\ncrypt.dll
0x00007ffab5ff0000 - 0x00007ffab602b000 	C:\Windows\SYSTEM32\NTASN1.dll
0x000000006a540000 - 0x000000006a566000 	C:\Program Files\Bonjour\mdnsNSP.dll
0x00007ffaa5c80000 - 0x00007ffaa5c8a000 	C:\Windows\System32\rasadhlp.dll
0x00007ffaaabd0000 - 0x00007ffaaac52000 	C:\Windows\System32\fwpuclnt.dll
0x00007ffa7aea0000 - 0x00007ffa7aea7000 	C:\Windows\system32\wshunix.dll

dbghelp: loaded successfully - version: 4.0.5 - missing functions: none
symbol engine: initialized successfully - sym options: 0x614 - pdb path: .;C:\Program Files\Java\jdk-19\bin;C:\Windows\SYSTEM32;C:\Windows\WinSxS\amd64_microsoft.windows.common-controls_6595b64144ccf1df_6.0.19041.1110_none_60b5254171f9507e;C:\Program Files\Java\jdk-19\bin\server;C:\Program Files\JetBrains\IntelliJ IDEA Community Edition 2022.3.2\bin;C:\Program Files\Bonjour

VM Arguments:
jvm_args: -javaagent:C:\Program Files\JetBrains\IntelliJ IDEA Community Edition 2022.3.2\lib\idea_rt.jar=64139:C:\Program Files\JetBrains\IntelliJ IDEA Community Edition 2022.3.2\bin -Dfile.encoding=UTF-8 -Dsun.stdout.encoding=UTF-8 -Dsun.stderr.encoding=UTF-8 
java_command: com.yoka.yokafurniture.YokaFurnitureApplication
java_class_path (initial): D:\Simeon\Programiranje\yoka-app\yoka-code\yoka\back\yoka-furniture\target\classes;C:\Users\Sima\.m2\repository\org\springframework\boot\spring-boot-starter-data-jpa\3.0.4\spring-boot-starter-data-jpa-3.0.4.jar;C:\Users\Sima\.m2\repository\org\springframework\boot\spring-boot-starter-aop\3.0.4\spring-boot-starter-aop-3.0.4.jar;C:\Users\Sima\.m2\repository\org\springframework\spring-aop\6.0.6\spring-aop-6.0.6.jar;C:\Users\Sima\.m2\repository\org\aspectj\aspectjweaver\1.9.19\aspectjweaver-1.9.19.jar;C:\Users\Sima\.m2\repository\org\springframework\boot\spring-boot-starter-jdbc\3.0.4\spring-boot-starter-jdbc-3.0.4.jar;C:\Users\Sima\.m2\repository\com\zaxxer\HikariCP\5.0.1\HikariCP-5.0.1.jar;C:\Users\Sima\.m2\repository\org\springframework\spring-jdbc\6.0.6\spring-jdbc-6.0.6.jar;C:\Users\Sima\.m2\repository\org\hibernate\orm\hibernate-core\6.1.7.Final\hibernate-core-6.1.7.Final.jar;C:\Users\Sima\.m2\repository\jakarta\persistence\jakarta.persistence-api\3.1.0\jakarta.persistence-api-3.1.0.jar;C:\Users\Sima\.m2\repository\jakarta\transaction\jakarta.transaction-api\2.0.1\jakarta.transaction-api-2.0.1.jar;C:\Users\Sima\.m2\repository\org\jboss\logging\jboss-logging\3.5.0.Final\jboss-logging-3.5.0.Final.jar;C:\Users\Sima\.m2\repository\org\hibernate\common\hibernate-commons-annotations\6.0.6.Final\hibernate-commons-annotations-6.0.6.Final.jar;C:\Users\Sima\.m2\repository\org\jboss\jandex\2.4.2.Final\jandex-2.4.2.Final.jar;C:\Users\Sima\.m2\repository\com\fasterxml\classmate\1.5.1\classmate-1.5.1.jar;C:\Users\Sima\.m2\repository\net\bytebuddy\byte-buddy\1.12.23\byte-buddy-1.12.23.jar;C:\Users\Sima\.m2\repository\org\glassfish\jaxb\jaxb-runtime\4.0.2\jaxb-runtime-4.0.2.jar;C:\Users\Sima\.m2\repository\org\glassfish\jaxb\jaxb-core\4.0.2\jaxb-core-4.0.2.jar;C:\Users\Sima\.m2\repository\org\eclipse\angus\angus-activation\2.0.0\angus-activation-2.0.0.jar;C:\Users\Sima\.m2\repository\org\glassfish\jaxb\txw2\4.0.2\txw2-4.0.2.jar;C:\Users\Sima\.m2\repository\com\sun\istack\istack-commons-runtime\4.1.1\istack-commons-runtime-4.1.1.jar;C:\Users\Sima\.m2\repository\jakarta\inject\jakarta.inject-api\2.0.0\jakarta.inject-api-2.0.0.jar;C:\Users\Sima\.m2\repository\org\antlr\antlr4-runtime\4.10.1\antlr4-runtime-4.10.1.jar;C:\Users\Sima\.m2\repository\org\springframework\data\spring-data-jpa\3.0.3\spring-data-jpa-3.0.3.jar;C:\Users\Sima\.m2\repository\org\springframework\data\spring-data-commons\3.0.3\spring-data-commons-3.0.3.jar;C:\Users\Sima\.m2\repository\org\springframework\spring-orm\6.0.6\spring-orm-6.0.6.jar;C:\Users\Sima\.m2\repository\org\springframework\spring-context\6.0.6\spring-context-6.0.6.jar;C:\Users\Sima\.m2\repository\org\springframework\spring-tx\6.0.6\spring-tx-6.0.6.jar;C:\Users\Sima\.m2\repository\org\springframework\spring-beans\6.0.6\spring-beans-6.0.6.jar;C:\Users\Sima\.m2\repository\jakarta\annotation\jakarta.annotation-api\2.1.1\jakarta.annotation-api-2.1.1.jar;C:\Users\Sima\.m2\repository\org\slf4j\slf4j-api\2.0.6\slf4j-api-2.0.6.jar;C:\Users\Sima\.m2\repository\org\springframework\spring-aspects\6.0.6\spring-aspects-6.0.6.jar;C:\Users\Sima\.m2\repository\org\springframework\boot\spring-boot-starter-web\3.0.4\spring-boot-starter-web-3.0.4.jar;C:\Users\Sima\.m2\repository\org\springframework\boot\spring-boot-starter\3.0.4\spring-boot-starter-3.0.4.jar;C:\Users\Sima\.m2\repository\org\springframework\boot\spring-boot-starter-logging\3.0.4\spring-boot-starter-logging-3.0.4.jar;C:\Users\Sima\.m2\repository\ch\qos\logback\logback-classic\1.4.5\logback-classic-1.4.5.jar;C:\Users\Sima\.m2\repository\ch\qos\logback\logback-core\1.4.5\logback-core-1.4.5.jar;C:\Users\Sima\.m2\repository\org\apache\logging\log4j\log4j-to-slf4j\2.19.0\log4j-to-slf4j-2.19.0.jar;C:\Users\Sima\.m2\repository\org\apache\logging\log4j\log4j-api\2.19.0\log4j-api-2.19.0.jar;C:\Users\Sima\.m2\repository\org\slf4j\jul-to-slf4j\2.0.6\jul-to-slf4j-2.0.6.jar;C:\Users\Sima\.m2\repository\org\yaml\snakeyaml\1.33\snakeyaml-1.33.jar;C:\Users\Sima\.m2\repository\org\springframework\boot\spring-boot-starter-json\3.0.4\spring-boot-starter-json-3.0.4.jar;C:\Users\Sima\.m2\repository\com\fasterxml\jackson\core\jackson-databind\2.14.2\jackson-databind-2.14.2.jar;C:\Users\Sima\.m2\repository\com\fasterxml\jackson\core\jackson-annotations\2.14.2\jackson-annotations-2.14.2.jar;C:\Users\Sima\.m2\repository\com\fasterxml\jackson\core\jackson-core\2.14.2\jackson-core-2.14.2.jar;C:\Users\Sima\.m2\repository\com\fasterxml\jackson\datatype\jackson-datatype-jdk8\2.14.2\jackson-datatype-jdk8-2.14.2.jar;C:\Users\Sima\.m2\repository\com\fasterxml\jackson\datatype\jackson-datatype-jsr310\2.14.2\jackson-datatype-jsr310-2.14.2.jar;C:\Users\Sima\.m2\repository\com\fasterxml\jackson\module\jackson-module-parameter-names\2.14.2\jackson-module-parameter-names-2.14.2.jar;C:\Users\Sima\.m2\repository\org\springframework\boot\spring-boot-starter-tomcat\3.0.4\spring-boot-starter-tomcat-3.0.4.jar;C:\Users\Sima\.m2\repository\org\apache\tomcat\embed\tomcat-embed-core\10.1.5\tomcat-embed-core-10.1.5.jar;C:\Users\Sima\.m2\repository\org\apache\tomcat\embed\tomcat-embed-el\10.1.5\tomcat-embed-el-10.1.5.jar;C:\Users\Sima\.m2\repository\org\apache\tomcat\embed\tomcat-embed-websocket\10.1.5\tomcat-embed-websocket-10.1.5.jar;C:\Users\Sima\.m2\repository\org\springframework\spring-web\6.0.6\spring-web-6.0.6.jar;C:\Users\Sima\.m2\repository\io\micrometer\micrometer-observation\1.10.4\micrometer-observation-1.10.4.jar;C:\Users\Sima\.m2\repository\io\micrometer\micrometer-commons\1.10.4\micrometer-commons-1.10.4.jar;C:\Users\Sima\.m2\repository\org\springframework\spring-webmvc\6.0.6\spring-webmvc-6.0.6.jar;C:\Users\Sima\.m2\repository\org\springframework\spring-expression\6.0.6\spring-expression-6.0.6.jar;C:\Users\Sima\.m2\repository\org\springframework\boot\spring-boot-devtools\3.0.4\spring-boot-devtools-3.0.4.jar;C:\Users\Sima\.m2\repository\org\springframework\boot\spring-boot\3.0.4\spring-boot-3.0.4.jar;C:\Users\Sima\.m2\repository\org\springframework\boot\spring-boot-autoconfigure\3.0.4\spring-boot-autoconfigure-3.0.4.jar;C:\Users\Sima\.m2\repository\com\mysql\mysql-connector-j\8.0.32\mysql-connector-j-8.0.32.jar;C:\Users\Sima\.m2\repository\org\projectlombok\lombok\1.18.26\lombok-1.18.26.jar;C:\Users\Sima\.m2\repository\org\modelmapper\modelmapper\3.1.1\modelmapper-3.1.1.jar;C:\Users\Sima\.m2\repository\jakarta\xml\bind\jakarta.xml.bind-api\4.0.0\jakarta.xml.bind-api-4.0.0.jar;C:\Users\Sima\.m2\repository\jakarta\activation\jakarta.activation-api\2.1.1\jakarta.activation-api-2.1.1.jar;C:\Users\Sima\.m2\repository\org\springframework\spring-core\6.0.6\spring-core-6.0.6.jar;C:\Users\Sima\.m2\repository\org\springframework\spring-jcl\6.0.6\spring-jcl-6.0.6.jar
Launcher Type: SUN_STANDARD

[Global flags]
     intx CICompilerCount                          = 4                                         {product} {ergonomic}
     uint ConcGCThreads                            = 2                                         {product} {ergonomic}
     uint G1ConcRefinementThreads                  = 8                                         {product} {ergonomic}
   size_t G1HeapRegionSize                         = 1048576                                   {product} {ergonomic}
    uintx GCDrainStackTargetSize                   = 64                                        {product} {ergonomic}
   size_t InitialHeapSize                          = 134217728                                 {product} {ergonomic}
   size_t MarkStackSize                            = 4194304                                   {product} {ergonomic}
   size_t MaxHeapSize                              = 2122317824                                {product} {ergonomic}
   size_t MaxNewSize                               = 1272971264                                {product} {ergonomic}
   size_t MinHeapDeltaBytes                        = 1048576                                   {product} {ergonomic}
   size_t MinHeapSize                              = 8388608                                   {product} {ergonomic}
    uintx NonNMethodCodeHeapSize                   = 5839372                                {pd product} {ergonomic}
    uintx NonProfiledCodeHeapSize                  = 122909434                              {pd product} {ergonomic}
    uintx ProfiledCodeHeapSize                     = 122909434                              {pd product} {ergonomic}
    uintx ReservedCodeCacheSize                    = 251658240                              {pd product} {ergonomic}
     bool SegmentedCodeCache                       = true                                      {product} {ergonomic}
   size_t SoftMaxHeapSize                          = 2122317824                             {manageable} {ergonomic}
     bool UseCompressedClassPointers               = true                           {product lp64_product} {ergonomic}
     bool UseCompressedOops                        = true                           {product lp64_product} {ergonomic}
     bool UseG1GC                                  = true                                      {product} {ergonomic}
     bool UseLargePagesIndividualAllocation        = false                                  {pd product} {ergonomic}

Logging:
Log output configuration:
 #0: stdout all=warning uptime,level,tags foldmultilines=false
 #1: stderr all=off uptime,level,tags foldmultilines=false

Environment Variables:
JAVA_HOME=C:\Program Files\Java\jdk-19
PATH=C:\Program Files\Common Files\Oracle\Java\javapath;C:\Program Files (x86)\Common Files\Oracle\Java\javapath;C:\Program Files (x86)\Intel\iCLS Client\;C:\Program Files\Intel\iCLS Client\;C:\Windows\system32;C:\Windows;C:\Windows\System32\Wbem;C:\Windows\System32\WindowsPowerShell\v1.0\;C:\Windows\System32\OpenSSH\;C:\Program Files (x86)\Intel\Intel(R) Management Engine Components\DAL;C:\Program Files\Intel\Intel(R) Management Engine Components\DAL;C:\Program Files (x86)\Intel\Intel(R) Management Engine Components\IPT;C:\Program Files\Intel\Intel(R) Management Engine Components\IPT;C:\Program Files\nodejs\;C:\Program Files\dotnet\;C:\Program Files\Git\cmd;%JAVA_HOME%\bin;C:\Users\Sima\AppData\Local\Programs\Python\Python311\Scripts\;C:\Users\Sima\AppData\Local\Programs\Python\Python311\;C:\Program Files\MySQL\MySQL Shell 8.0\bin\;C:\Users\Sima\AppData\Local\Microsoft\WindowsApps;C:\Users\Sima\AppData\Roaming\npm;C:\Users\Sima\AppData\Local\Programs\Microsoft VS Code\bin;C:\Program Files\JetBrains\IntelliJ IDEA Community Edition 2022.3.2\bin;
USERNAME=Sima
OS=Windows_NT
PROCESSOR_IDENTIFIER=Intel64 Family 6 Model 94 Stepping 3, GenuineIntel
TMP=C:\Users\Sima\AppData\Local\Temp
TEMP=C:\Users\Sima\AppData\Local\Temp



---------------  S Y S T E M  ---------------

OS:
 Windows 10 , 64 bit Build 19041 (10.0.19041.3031)
OS uptime: 9 days 0:31 hours

CPU: total 8 (initial active 8) (4 cores per cpu, 2 threads per core) family 6 model 94 stepping 3 microcode 0xcc, cx8, cmov, fxsr, ht, mmx, 3dnowpref, sse, sse2, sse3, ssse3, sse4.1, sse4.2, popcnt, lzcnt, tsc, tscinvbit, avx, avx2, aes, erms, clmul, bmi1, bmi2, rtm, adx, fma, vzeroupper, clflush, clflushopt, rdtscp

Memory: 4k page, system-wide physical 8090M (875M free)
TotalPageFile size 23272M (AvailPageFile size 0M)
current process WorkingSet (physical memory assigned to process): 322M, peak: 335M
current process commit charge ("private bytes"): 360M, peak: 376M

vm_info: Java HotSpot(TM) 64-Bit Server VM (19.0.2+7-44) for windows-amd64 JRE (19.0.2+7-44), built on 2022-11-30T18:02:09Z by "mach5one" with MS VC++ 17.1 (VS2022)

END.
